TN:
SF:src\repositories\AnimeRepository.js
FN:5,(anonymous_0)
FN:9,(anonymous_1)
FN:13,(anonymous_2)
FN:17,(anonymous_3)
FNF:4
FNH:1
FNDA:4,(anonymous_0)
FNDA:0,(anonymous_1)
FNDA:0,(anonymous_2)
FNDA:0,(anonymous_3)
DA:1,4
DA:2,4
DA:6,4
DA:10,0
DA:14,0
DA:18,0
DA:19,0
DA:30,4
LF:8
LH:4
BRDA:9,0,0,0
BRF:1
BRH:0
end_of_record
TN:
SF:src\repositories\BaseRepository.js
FN:2,(anonymous_0)
FN:6,(anonymous_1)
FN:10,(anonymous_2)
FN:14,(anonymous_3)
FN:18,(anonymous_4)
FN:22,(anonymous_5)
FN:26,(anonymous_6)
FN:30,(anonymous_7)
FNF:8
FNH:1
FNDA:25,(anonymous_0)
FNDA:0,(anonymous_1)
FNDA:0,(anonymous_2)
FNDA:0,(anonymous_3)
FNDA:0,(anonymous_4)
FNDA:0,(anonymous_5)
FNDA:0,(anonymous_6)
FNDA:0,(anonymous_7)
DA:3,25
DA:7,0
DA:11,0
DA:15,0
DA:19,0
DA:23,0
DA:27,0
DA:31,0
DA:35,25
LF:9
LH:2
BRDA:6,0,0,0
BRDA:10,1,0,0
BRDA:14,2,0,0
BRDA:18,3,0,0
BRDA:22,4,0,0
BRDA:26,5,0,0
BRDA:30,6,0,0
BRF:7
BRH:0
end_of_record
TN:
SF:src\repositories\CharacterRepository.js
FN:5,(anonymous_0)
FN:9,(anonymous_1)
FN:13,(anonymous_2)
FN:17,(anonymous_3)
FNF:4
FNH:1
FNDA:4,(anonymous_0)
FNDA:0,(anonymous_1)
FNDA:0,(anonymous_2)
FNDA:0,(anonymous_3)
DA:1,4
DA:2,4
DA:6,4
DA:10,0
DA:14,0
DA:18,0
DA:22,4
LF:7
LH:4
BRF:0
BRH:0
end_of_record
TN:
SF:src\repositories\CharacterVoteRepository.js
FN:6,(anonymous_0)
FN:10,(anonymous_1)
FN:16,(anonymous_2)
FN:30,(anonymous_3)
FN:38,(anonymous_4)
FN:41,(anonymous_5)
FN:48,(anonymous_6)
FNF:7
FNH:1
FNDA:1,(anonymous_0)
FNDA:0,(anonymous_1)
FNDA:0,(anonymous_2)
FNDA:0,(anonymous_3)
FNDA:0,(anonymous_4)
FNDA:0,(anonymous_5)
FNDA:0,(anonymous_6)
DA:1,1
DA:2,1
DA:3,1
DA:7,1
DA:11,0
DA:18,0
DA:30,0
DA:31,0
DA:33,0
DA:38,0
DA:41,0
DA:49,0
DA:56,1
LF:13
LH:5
BRDA:31,0,0,0
BRDA:31,0,1,0
BRDA:44,1,0,0
BRDA:44,1,1,0
BRF:4
BRH:0
end_of_record
TN:
SF:src\repositories\CommentRepository.js
FN:10,(anonymous_0)
FN:14,(anonymous_1)
FN:22,(anonymous_2)
FNF:3
FNH:1
FNDA:1,(anonymous_0)
FNDA:0,(anonymous_1)
FNDA:0,(anonymous_2)
DA:1,1
DA:2,1
DA:4,1
DA:11,1
DA:15,0
DA:23,0
DA:27,1
LF:7
LH:5
BRF:0
BRH:0
end_of_record
TN:
SF:src\repositories\ConnectionRepository.js
FN:11,(anonymous_0)
FN:15,(anonymous_1)
FN:25,(anonymous_2)
FN:42,(anonymous_3)
FN:53,(anonymous_4)
FN:62,(anonymous_5)
FN:64,(anonymous_6)
FNF:7
FNH:1
FNDA:1,(anonymous_0)
FNDA:0,(anonymous_1)
FNDA:0,(anonymous_2)
FNDA:0,(anonymous_3)
FNDA:0,(anonymous_4)
FNDA:0,(anonymous_5)
FNDA:0,(anonymous_6)
DA:1,1
DA:2,1
DA:4,1
DA:6,1
DA:12,1
DA:16,0
DA:26,0
DA:43,0
DA:54,0
DA:63,0
DA:64,0
DA:65,0
DA:66,0
DA:79,1
LF:14
LH:6
BRDA:65,0,0,0
BRDA:65,0,1,0
BRDA:71,1,0,0
BRDA:71,1,1,0
BRF:4
BRH:0
end_of_record
TN:
SF:src\repositories\EpisodeWatchHistoryRepository.js
FN:5,(anonymous_0)
FN:9,(anonymous_1)
FN:16,(anonymous_2)
FN:28,(anonymous_3)
FNF:4
FNH:1
FNDA:1,(anonymous_0)
FNDA:0,(anonymous_1)
FNDA:0,(anonymous_2)
FNDA:0,(anonymous_3)
DA:1,1
DA:2,1
DA:6,1
DA:10,0
DA:17,0
DA:18,0
DA:28,0
DA:35,1
LF:8
LH:4
BRF:0
BRH:0
end_of_record
TN:
SF:src\repositories\NotificationRepository.js
FN:5,(anonymous_0)
FN:9,(anonymous_1)
FN:19,(anonymous_2)
FN:25,(anonymous_3)
FN:29,(anonymous_4)
FNF:5
FNH:1
FNDA:3,(anonymous_0)
FNDA:0,(anonymous_1)
FNDA:0,(anonymous_2)
FNDA:0,(anonymous_3)
FNDA:0,(anonymous_4)
DA:1,3
DA:2,3
DA:6,3
DA:10,0
DA:11,0
DA:20,0
DA:26,0
DA:30,0
DA:34,3
LF:9
LH:4
BRDA:9,0,0,0
BRDA:9,1,0,0
BRF:2
BRH:0
end_of_record
TN:
SF:src\repositories\PostRepository.js
FN:10,(anonymous_0)
FN:14,(anonymous_1)
FN:27,(anonymous_2)
FN:41,(anonymous_3)
FNF:4
FNH:1
FNDA:1,(anonymous_0)
FNDA:0,(anonymous_1)
FNDA:0,(anonymous_2)
FNDA:0,(anonymous_3)
DA:1,1
DA:2,1
DA:4,1
DA:11,1
DA:15,0
DA:16,0
DA:28,0
DA:42,0
DA:43,0
DA:56,1
LF:10
LH:5
BRDA:14,0,0,0
BRDA:14,1,0,0
BRDA:41,2,0,0
BRDA:41,3,0,0
BRF:4
BRH:0
end_of_record
TN:
SF:src\repositories\UserAnimeTrackingRepository.js
FN:5,(anonymous_0)
FN:9,(anonymous_1)
FN:15,(anonymous_2)
FN:22,(anonymous_3)
FN:28,(anonymous_4)
FN:37,(anonymous_5)
FNF:6
FNH:1
FNDA:2,(anonymous_0)
FNDA:0,(anonymous_1)
FNDA:0,(anonymous_2)
FNDA:0,(anonymous_3)
FNDA:0,(anonymous_4)
FNDA:0,(anonymous_5)
DA:1,2
DA:2,2
DA:6,2
DA:10,0
DA:16,0
DA:23,0
DA:29,0
DA:38,0
DA:49,0
DA:53,2
LF:10
LH:4
BRF:0
BRH:0
end_of_record
TN:
SF:src\repositories\UserRepository.js
FN:5,(anonymous_0)
FN:9,(anonymous_1)
FN:13,(anonymous_2)
FN:17,(anonymous_3)
FN:21,(anonymous_4)
FN:32,(anonymous_5)
FNF:6
FNH:1
FNDA:7,(anonymous_0)
FNDA:0,(anonymous_1)
FNDA:0,(anonymous_2)
FNDA:0,(anonymous_3)
FNDA:0,(anonymous_4)
FNDA:0,(anonymous_5)
DA:1,7
DA:2,7
DA:6,7
DA:10,0
DA:14,0
DA:18,0
DA:22,0
DA:33,0
DA:37,7
LF:9
LH:4
BRDA:17,0,0,0
BRF:1
BRH:0
end_of_record
TN:
SF:src\services\AuthService.js
FN:8,(anonymous_0)
FN:37,(anonymous_1)
FN:58,(anonymous_2)
FN:80,(anonymous_3)
FN:88,(anonymous_4)
FN:96,(anonymous_5)
FNF:6
FNH:6
FNDA:3,(anonymous_0)
FNDA:3,(anonymous_1)
FNDA:2,(anonymous_2)
FNDA:3,(anonymous_3)
FNDA:3,(anonymous_4)
FNDA:2,(anonymous_5)
DA:1,1
DA:2,1
DA:3,1
DA:4,1
DA:5,1
DA:9,3
DA:10,3
DA:11,1
DA:14,2
DA:15,2
DA:16,1
DA:19,1
DA:21,1
DA:27,1
DA:28,1
DA:30,1
DA:38,3
DA:39,3
DA:40,1
DA:43,2
DA:44,2
DA:45,1
DA:48,1
DA:49,1
DA:51,1
DA:59,2
DA:60,2
DA:61,1
DA:63,1
DA:64,0
DA:67,1
DA:68,1
DA:70,1
DA:75,1
DA:76,1
DA:81,3
DA:89,3
DA:97,2
DA:111,1
DA:112,1
LF:40
LH:39
BRDA:10,0,0,1
BRDA:10,0,1,2
BRDA:15,1,0,1
BRDA:15,1,1,1
BRDA:39,2,0,1
BRDA:39,2,1,2
BRDA:44,3,0,1
BRDA:44,3,1,1
BRDA:63,4,0,0
BRDA:63,4,1,1
BRDA:75,5,0,0
BRDA:75,5,1,1
BRDA:103,6,0,0
BRDA:103,6,1,2
BRF:14
BRH:11
end_of_record
TN:
SF:src\services\CommunityService.js
FN:14,(anonymous_0)
FN:38,(anonymous_1)
FN:40,(anonymous_2)
FN:60,(anonymous_3)
FN:71,(anonymous_4)
FN:115,(anonymous_5)
FN:121,(anonymous_6)
FN:132,(anonymous_7)
FN:142,(anonymous_8)
FN:181,(anonymous_9)
FN:197,(anonymous_10)
FN:233,(anonymous_11)
FN:257,(anonymous_12)
FN:258,(anonymous_13)
FN:265,(anonymous_14)
FN:298,(anonymous_15)
FN:316,(anonymous_16)
FN:324,(anonymous_17)
FNF:18
FNH:18
FNDA:4,(anonymous_0)
FNDA:1,(anonymous_1)
FNDA:1,(anonymous_2)
FNDA:5,(anonymous_3)
FNDA:1,(anonymous_4)
FNDA:3,(anonymous_5)
FNDA:1,(anonymous_6)
FNDA:2,(anonymous_7)
FNDA:4,(anonymous_8)
FNDA:2,(anonymous_9)
FNDA:4,(anonymous_10)
FNDA:4,(anonymous_11)
FNDA:4,(anonymous_12)
FNDA:3,(anonymous_13)
FNDA:3,(anonymous_14)
FNDA:2,(anonymous_15)
FNDA:2,(anonymous_16)
FNDA:1,(anonymous_17)
DA:1,1
DA:2,1
DA:3,1
DA:4,1
DA:5,1
DA:6,1
DA:7,1
DA:8,1
DA:15,4
DA:19,4
DA:20,1
DA:24,4
DA:25,4
DA:26,3
DA:27,1
DA:28,1
DA:38,1
DA:40,1
DA:50,4
DA:54,4
DA:62,5
DA:63,5
DA:64,0
DA:68,5
DA:69,5
DA:70,2
DA:71,2
DA:72,2
DA:74,1
DA:75,1
DA:84,4
DA:88,4
DA:89,2
DA:90,1
DA:92,1
DA:96,3
DA:102,3
DA:116,3
DA:117,3
DA:119,2
DA:121,2
DA:133,2
DA:134,2
DA:136,1
DA:143,4
DA:144,2
DA:147,2
DA:148,2
DA:149,0
DA:152,2
DA:157,2
DA:158,1
DA:163,1
DA:171,2
DA:172,2
DA:182,2
DA:183,2
DA:184,1
DA:187,1
DA:188,1
DA:198,4
DA:199,2
DA:202,2
DA:203,2
DA:204,0
DA:207,2
DA:212,2
DA:213,1
DA:218,1
DA:226,2
DA:234,4
DA:235,4
DA:236,1
DA:239,3
DA:240,3
DA:243,3
DA:244,3
DA:245,1
DA:249,1
DA:256,3
DA:257,4
DA:258,3
DA:260,3
DA:265,3
DA:267,3
DA:268,3
DA:269,4
DA:271,3
DA:273,3
DA:292,3
DA:299,2
DA:303,2
DA:304,0
DA:308,2
DA:309,1
DA:311,1
DA:316,2
DA:325,1
DA:330,1
DA:334,1
LF:100
LH:96
BRDA:19,0,0,1
BRDA:19,0,1,3
BRDA:27,1,0,1
BRDA:27,1,1,0
BRDA:31,2,0,1
BRDA:31,2,1,0
BRDA:33,3,0,1
BRDA:33,3,1,0
BRDA:33,3,2,0
BRDA:34,4,0,1
BRDA:34,4,1,0
BRDA:35,5,0,1
BRDA:35,5,1,0
BRDA:36,6,0,1
BRDA:36,6,1,0
BRDA:38,7,0,1
BRDA:38,7,1,0
BRDA:40,8,0,1
BRDA:40,8,1,0
BRDA:41,9,0,1
BRDA:41,9,1,0
BRDA:63,10,0,0
BRDA:63,10,1,5
BRDA:69,11,0,2
BRDA:69,11,1,3
BRDA:72,12,0,1
BRDA:72,12,1,1
BRDA:88,13,0,2
BRDA:88,13,1,2
BRDA:89,14,0,1
BRDA:89,14,1,1
BRDA:117,15,0,1
BRDA:117,15,1,2
BRDA:123,16,0,1
BRDA:123,16,1,0
BRDA:134,17,0,1
BRDA:134,17,1,1
BRDA:143,18,0,2
BRDA:143,18,1,2
BRDA:143,19,0,4
BRDA:143,19,1,3
BRDA:148,20,0,0
BRDA:148,20,1,2
BRDA:157,21,0,1
BRDA:157,21,1,1
BRDA:173,22,0,2
BRDA:173,22,1,0
BRDA:174,23,0,2
BRDA:174,23,1,0
BRDA:183,24,0,1
BRDA:183,24,1,1
BRDA:189,25,0,1
BRDA:189,25,1,0
BRDA:190,26,0,1
BRDA:190,26,1,0
BRDA:198,27,0,2
BRDA:198,27,1,2
BRDA:198,28,0,4
BRDA:198,28,1,3
BRDA:203,29,0,0
BRDA:203,29,1,2
BRDA:212,30,0,1
BRDA:212,30,1,1
BRDA:233,31,0,2
BRDA:235,32,0,1
BRDA:235,32,1,3
BRDA:244,33,0,1
BRDA:244,33,1,2
BRDA:250,34,0,1
BRDA:250,34,1,0
BRDA:250,34,2,0
BRDA:269,35,0,1
BRDA:269,35,1,3
BRDA:277,36,0,3
BRDA:277,36,1,0
BRDA:280,37,0,2
BRDA:280,37,1,1
BRDA:280,38,0,3
BRDA:280,38,1,1
BRDA:284,39,0,2
BRDA:284,39,1,1
BRDA:284,40,0,3
BRDA:284,40,1,2
BRDA:285,41,0,2
BRDA:285,41,1,0
BRDA:303,42,0,0
BRDA:303,42,1,2
BRDA:308,43,0,1
BRDA:308,43,1,1
BRDA:308,44,0,2
BRDA:308,44,1,2
BRDA:316,45,0,2
BRDA:316,45,1,0
BRDA:330,46,0,1
BRDA:330,46,1,0
BRF:95
BRH:70
end_of_record
TN:
SF:src\services\ConnectionService.js
FN:10,(anonymous_0)
FN:46,(anonymous_1)
FN:54,(anonymous_2)
FN:71,(anonymous_3)
FN:79,(anonymous_4)
FN:94,(anonymous_5)
FN:101,(anonymous_6)
FNF:7
FNH:5
FNDA:6,(anonymous_0)
FNDA:0,(anonymous_1)
FNDA:5,(anonymous_2)
FNDA:0,(anonymous_3)
FNDA:4,(anonymous_4)
FNDA:2,(anonymous_5)
FNDA:2,(anonymous_6)
DA:1,1
DA:2,1
DA:3,1
DA:4,1
DA:11,6
DA:12,1
DA:15,5
DA:16,5
DA:17,1
DA:21,4
DA:22,4
DA:23,3
DA:24,1
DA:26,2
DA:27,2
DA:28,1
DA:31,1
DA:35,1
DA:42,1
DA:48,1
DA:55,5
DA:56,5
DA:57,4
DA:58,1
DA:60,3
DA:61,1
DA:64,2
DA:67,2
DA:73,2
DA:80,4
DA:81,4
DA:83,3
DA:84,1
DA:87,2
DA:88,2
DA:95,2
DA:102,2
DA:106,1
LF:38
LH:38
BRDA:11,0,0,1
BRDA:11,0,1,5
BRDA:16,1,0,1
BRDA:16,1,1,4
BRDA:22,2,0,3
BRDA:22,2,1,1
BRDA:23,3,0,1
BRDA:23,3,1,2
BRDA:26,4,0,2
BRDA:26,4,1,0
BRDA:27,5,0,1
BRDA:27,5,1,1
BRDA:56,6,0,1
BRDA:56,6,1,4
BRDA:57,7,0,1
BRDA:57,7,1,3
BRDA:60,8,0,1
BRDA:60,8,1,2
BRDA:81,9,0,1
BRDA:81,9,1,3
BRDA:83,10,0,1
BRDA:83,10,1,2
BRDA:83,11,0,3
BRDA:83,11,1,2
BRF:24
BRH:23
end_of_record
TN:
SF:src\services\FeedService.js
FN:13,(anonymous_0)
FN:33,(anonymous_1)
FN:59,(anonymous_2)
FN:70,(anonymous_3)
FN:85,(anonymous_4)
FN:94,(anonymous_5)
FN:110,(anonymous_6)
FN:119,(anonymous_7)
FN:131,(anonymous_8)
FN:144,(anonymous_9)
FN:150,(anonymous_10)
FN:155,(anonymous_11)
FN:173,(anonymous_12)
FNF:13
FNH:11
FNDA:3,(anonymous_0)
FNDA:3,(anonymous_1)
FNDA:7,(anonymous_2)
FNDA:4,(anonymous_3)
FNDA:0,(anonymous_4)
FNDA:3,(anonymous_5)
FNDA:0,(anonymous_6)
FNDA:3,(anonymous_7)
FNDA:3,(anonymous_8)
FNDA:2,(anonymous_9)
FNDA:32,(anonymous_10)
FNDA:30,(anonymous_11)
FNDA:2,(anonymous_12)
DA:1,1
DA:2,1
DA:3,1
DA:4,1
DA:5,1
DA:6,1
DA:7,1
DA:15,3
DA:16,3
DA:17,1
DA:20,3
DA:27,3
DA:34,3
DA:37,3
DA:38,3
DA:39,22
DA:40,22
DA:44,3
DA:46,3
DA:60,7
DA:61,7
DA:63,6
DA:64,6
DA:71,4
DA:72,4
DA:76,3
DA:77,3
DA:80,3
DA:81,2
DA:88,3
DA:95,3
DA:96,3
DA:98,2
DA:105,2
DA:106,1
DA:113,2
DA:120,3
DA:121,3
DA:122,2
DA:124,1
DA:125,1
DA:132,3
DA:133,3
DA:134,3
DA:135,2
DA:136,2
DA:138,3
DA:145,2
DA:146,2
DA:147,1
DA:151,32
DA:152,32
DA:156,30
DA:173,2
DA:184,1
LF:55
LH:55
BRDA:16,0,0,1
BRDA:16,0,1,2
BRDA:24,1,0,3
BRDA:24,1,1,2
BRDA:33,2,0,0
BRDA:33,3,0,0
BRDA:61,4,0,1
BRDA:61,4,1,6
BRDA:63,5,0,6
BRDA:63,5,1,4
BRDA:72,6,0,1
BRDA:72,6,1,3
BRDA:80,7,0,2
BRDA:80,7,1,1
BRDA:96,8,0,1
BRDA:96,8,1,2
BRDA:105,9,0,1
BRDA:105,9,1,1
BRDA:121,10,0,1
BRDA:121,10,1,2
BRDA:122,11,0,1
BRDA:122,11,1,1
BRDA:131,12,0,2
BRDA:131,13,0,2
BRDA:144,14,0,2
BRDA:144,15,0,2
BRDA:146,16,0,1
BRDA:146,16,1,1
BRDA:151,17,0,0
BRDA:151,17,1,32
BRDA:152,18,0,0
BRDA:152,18,1,32
BRDA:155,19,0,0
BRDA:163,20,0,30
BRDA:163,20,1,0
BRDA:172,21,0,30
BRDA:172,21,1,0
BRF:37
BRH:30
end_of_record
TN:
SF:src\services\NotificationService.js
FN:8,(anonymous_0)
FN:21,(anonymous_1)
FN:26,(anonymous_2)
FN:41,(anonymous_3)
FN:55,(anonymous_4)
FN:63,(anonymous_5)
FNF:6
FNH:6
FNDA:3,(anonymous_0)
FNDA:2,(anonymous_1)
FNDA:2,(anonymous_2)
FNDA:3,(anonymous_3)
FNDA:1,(anonymous_4)
FNDA:2,(anonymous_5)
DA:1,3
DA:2,3
DA:9,3
DA:15,3
DA:22,2
DA:23,2
DA:25,2
DA:26,2
DA:42,3
DA:43,3
DA:44,2
DA:45,1
DA:48,1
DA:49,1
DA:56,1
DA:57,1
DA:64,2
DA:68,3
LF:18
LH:18
BRDA:21,0,0,0
BRDA:43,1,0,1
BRDA:43,1,1,2
BRDA:44,2,0,1
BRDA:44,2,1,1
BRF:5
BRH:4
end_of_record
TN:
SF:src\services\OnboardingService.js
FN:12,(anonymous_0)
FN:31,(anonymous_1)
FN:32,(anonymous_2)
FN:45,(anonymous_3)
FN:77,(anonymous_4)
FN:86,(anonymous_5)
FN:111,(anonymous_6)
FNF:7
FNH:6
FNDA:5,(anonymous_0)
FNDA:6,(anonymous_1)
FNDA:3,(anonymous_2)
FNDA:5,(anonymous_3)
FNDA:1,(anonymous_4)
FNDA:0,(anonymous_5)
FNDA:3,(anonymous_6)
DA:1,4
DA:2,4
DA:3,4
DA:4,4
DA:5,4
DA:6,4
DA:13,5
DA:14,5
DA:15,1
DA:18,4
DA:19,4
DA:21,4
DA:22,1
DA:25,3
DA:31,6
DA:32,3
DA:39,3
DA:46,5
DA:47,5
DA:48,1
DA:51,4
DA:52,4
DA:54,4
DA:55,4
DA:56,26
DA:57,26
DA:59,25
DA:68,25
DA:71,4
DA:78,1
DA:81,1
DA:86,1
DA:87,0
DA:90,1
DA:96,1
DA:112,3
DA:117,3
DA:121,4
LF:38
LH:37
BRDA:14,0,0,1
BRDA:14,0,1,4
BRDA:21,1,0,1
BRDA:21,1,1,3
BRDA:27,2,0,3
BRDA:27,2,1,0
BRDA:27,2,2,0
BRDA:28,3,0,3
BRDA:28,3,1,0
BRDA:30,4,0,3
BRDA:30,4,1,0
BRDA:31,5,0,3
BRDA:31,5,1,0
BRDA:32,6,0,3
BRDA:32,6,1,0
BRDA:47,7,0,1
BRDA:47,7,1,4
BRDA:52,8,0,4
BRDA:52,8,1,0
BRDA:57,9,0,1
BRDA:57,9,1,25
BRDA:117,10,0,3
BRDA:117,10,1,0
BRF:23
BRH:15
end_of_record
TN:
SF:src\services\StatsService.js
FN:9,(anonymous_0)
FN:34,(anonymous_1)
FN:53,(anonymous_2)
FN:59,(anonymous_3)
FN:61,(anonymous_4)
FN:77,(anonymous_5)
FN:119,(anonymous_6)
FN:153,(anonymous_7)
FN:188,(anonymous_8)
FN:215,(anonymous_9)
FN:241,(anonymous_10)
FNF:11
FNH:11
FNDA:2,(anonymous_0)
FNDA:5,(anonymous_1)
FNDA:3,(anonymous_2)
FNDA:2,(anonymous_3)
FNDA:3,(anonymous_4)
FNDA:5,(anonymous_5)
FNDA:4,(anonymous_6)
FNDA:5,(anonymous_7)
FNDA:4,(anonymous_8)
FNDA:4,(anonymous_9)
FNDA:4,(anonymous_10)
DA:1,1
DA:2,1
DA:3,1
DA:10,2
DA:20,2
DA:35,5
DA:51,5
DA:53,3
DA:54,2
DA:59,2
DA:61,3
DA:78,5
DA:89,5
DA:91,2
DA:97,2
DA:99,1
DA:105,1
DA:120,4
DA:131,4
DA:133,1
DA:139,1
DA:141,1
DA:154,5
DA:159,5
DA:161,2
DA:174,2
DA:189,4
DA:203,4
DA:205,1
DA:216,4
DA:230,4
DA:232,1
DA:242,4
DA:258,4
DA:260,1
DA:266,1
DA:268,1
DA:279,1
LF:38
LH:38
BRDA:34,0,0,5
BRDA:51,1,0,3
BRDA:51,1,1,2
BRDA:62,2,0,2
BRDA:62,2,1,1
BRDA:89,3,0,3
BRDA:89,3,1,2
BRDA:97,4,0,1
BRDA:97,4,1,1
BRDA:111,5,0,1
BRDA:111,5,1,0
BRDA:131,6,0,3
BRDA:131,6,1,1
BRDA:139,7,0,0
BRDA:139,7,1,1
BRDA:159,8,0,3
BRDA:159,8,1,2
BRDA:177,9,0,1
BRDA:177,9,1,1
BRDA:181,10,0,2
BRDA:181,10,1,0
BRDA:182,11,0,2
BRDA:182,11,1,0
BRDA:203,12,0,3
BRDA:203,12,1,1
BRDA:203,13,0,4
BRDA:203,13,1,4
BRDA:230,14,0,3
BRDA:230,14,1,1
BRDA:258,15,0,3
BRDA:258,15,1,1
BRDA:266,16,0,0
BRDA:266,16,1,1
BRF:33
BRH:28
end_of_record
TN:
SF:src\services\TrackingService.js
FN:12,(anonymous_0)
FN:81,(anonymous_1)
FN:106,(anonymous_2)
FN:117,(anonymous_3)
FN:128,(anonymous_4)
FN:164,(anonymous_5)
FN:215,(anonymous_6)
FN:276,(anonymous_7)
FN:347,(anonymous_8)
FNF:9
FNH:9
FNDA:5,(anonymous_0)
FNDA:11,(anonymous_1)
FNDA:2,(anonymous_2)
FNDA:1,(anonymous_3)
FNDA:1,(anonymous_4)
FNDA:3,(anonymous_5)
FNDA:3,(anonymous_6)
FNDA:3,(anonymous_7)
FNDA:2,(anonymous_8)
DA:1,1
DA:2,1
DA:3,1
DA:4,1
DA:5,1
DA:6,1
DA:13,5
DA:14,5
DA:15,1
DA:18,5
DA:23,5
DA:24,5
DA:26,5
DA:27,20
DA:28,6
DA:33,5
DA:34,2
DA:35,2
DA:36,2
DA:37,2
DA:38,13
DA:48,2
DA:49,2
DA:50,1
DA:52,2
DA:53,2
DA:54,1
DA:59,5
DA:61,5
DA:62,2
DA:67,3
DA:75,5
DA:82,11
DA:83,11
DA:85,10
DA:90,10
DA:92,9
DA:107,2
DA:108,2
DA:109,1
DA:111,1
DA:118,1
DA:119,1
DA:120,0
DA:122,1
DA:129,1
DA:130,1
DA:132,1
DA:133,1
DA:136,1
DA:158,1
DA:165,3
DA:166,3
DA:167,0
DA:170,3
DA:175,3
DA:176,3
DA:179,3
DA:186,3
DA:188,3
DA:194,3
DA:195,2
DA:200,1
DA:209,3
DA:216,3
DA:217,3
DA:218,0
DA:221,3
DA:226,3
DA:227,1
DA:240,2
DA:242,2
DA:243,2
DA:244,2
DA:246,2
DA:277,3
DA:279,3
DA:280,3
DA:281,3
DA:282,3
DA:283,3
DA:284,3
DA:285,3
DA:286,3
DA:287,3
DA:289,3
DA:290,6
DA:292,6
DA:294,2
DA:295,2
DA:297,1
DA:298,1
DA:300,1
DA:301,1
DA:303,1
DA:304,1
DA:306,1
DA:307,1
DA:310,6
DA:311,4
DA:312,4
DA:317,3
DA:318,3
DA:319,3
DA:321,3
DA:323,3
DA:348,2
DA:349,2
DA:351,1
DA:356,1
DA:360,1
LF:111
LH:108
BRDA:14,0,0,1
BRDA:14,0,1,4
BRDA:27,1,0,6
BRDA:27,1,1,14
BRDA:33,2,0,2
BRDA:33,2,1,3
BRDA:34,3,0,2
BRDA:34,3,1,1
BRDA:36,4,0,2
BRDA:36,4,1,0
BRDA:48,5,0,2
BRDA:48,5,1,0
BRDA:49,6,0,1
BRDA:49,6,1,1
BRDA:52,7,0,2
BRDA:52,7,1,2
BRDA:53,8,0,1
BRDA:53,8,1,1
BRDA:53,9,0,2
BRDA:53,9,1,1
BRDA:61,10,0,2
BRDA:61,10,1,3
BRDA:70,11,0,3
BRDA:70,11,1,1
BRDA:83,12,0,1
BRDA:83,12,1,10
BRDA:90,13,0,1
BRDA:90,13,1,9
BRDA:108,14,0,1
BRDA:108,14,1,1
BRDA:119,15,0,0
BRDA:119,15,1,1
BRDA:146,16,0,1
BRDA:146,16,1,0
BRDA:166,17,0,0
BRDA:166,17,1,3
BRDA:175,18,0,3
BRDA:175,18,1,1
BRDA:186,19,0,3
BRDA:186,19,1,3
BRDA:190,20,0,1
BRDA:190,20,1,2
BRDA:190,21,0,2
BRDA:190,21,1,1
BRDA:194,22,0,2
BRDA:194,22,1,1
BRDA:217,23,0,0
BRDA:217,23,1,3
BRDA:226,24,0,1
BRDA:226,24,1,2
BRDA:243,25,0,2
BRDA:243,25,1,0
BRDA:244,26,0,1
BRDA:244,26,1,1
BRDA:267,27,0,1
BRDA:267,27,1,1
BRDA:290,28,0,6
BRDA:290,28,1,1
BRDA:292,29,0,2
BRDA:292,29,1,1
BRDA:292,29,2,1
BRDA:292,29,3,1
BRDA:292,29,4,1
BRDA:310,30,0,4
BRDA:310,30,1,2
BRDA:321,31,0,1
BRDA:321,31,1,2
BRDA:337,32,0,1
BRDA:337,32,1,2
BRDA:349,33,0,1
BRDA:349,33,1,1
BRF:71
BRH:64
end_of_record
TN:
SF:src\services\TranslateService.js
FN:9,(anonymous_0)
FN:21,(anonymous_1)
FN:30,(anonymous_2)
FN:32,(anonymous_3)
FN:33,(anonymous_4)
FN:48,(anonymous_5)
FNF:6
FNH:5
FNDA:5,(anonymous_0)
FNDA:3,(anonymous_1)
FNDA:3,(anonymous_2)
FNDA:3,(anonymous_3)
FNDA:3,(anonymous_4)
FNDA:0,(anonymous_5)
DA:1,1
DA:3,1
DA:10,5
DA:11,2
DA:14,3
DA:21,3
DA:22,3
DA:31,3
DA:32,3
DA:33,3
DA:34,3
DA:35,3
DA:36,3
DA:37,0
DA:39,3
DA:42,0
DA:48,3
DA:49,0
DA:52,3
DA:53,3
DA:58,1
LF:21
LH:18
BRDA:9,0,0,4
BRDA:9,1,0,4
BRDA:10,2,0,2
BRDA:10,2,1,3
BRDA:10,3,0,5
BRDA:10,3,1,4
BRDA:36,4,0,0
BRDA:36,4,1,3
BRF:8
BRH:7
end_of_record
TN:
SF:src\services\UserService.js
FN:5,(anonymous_0)
FN:19,(anonymous_1)
FN:27,(anonymous_2)
FN:35,(anonymous_3)
FN:53,(anonymous_4)
FN:58,(anonymous_5)
FNF:6
FNH:6
FNDA:8,(anonymous_0)
FNDA:3,(anonymous_1)
FNDA:7,(anonymous_2)
FNDA:4,(anonymous_3)
FNDA:1,(anonymous_4)
FNDA:1,(anonymous_5)
DA:1,1
DA:2,1
DA:6,8
DA:20,3
DA:21,3
DA:22,1
DA:24,2
DA:28,7
DA:29,7
DA:30,1
DA:32,6
DA:36,4
DA:37,4
DA:39,4
DA:40,16
DA:41,4
DA:45,4
DA:46,1
DA:49,3
DA:50,3
DA:54,1
DA:55,1
DA:59,1
DA:60,1
DA:64,1
LF:25
LH:25
BRDA:5,0,0,0
BRDA:9,1,0,6
BRDA:9,1,1,2
BRDA:14,2,0,1
BRDA:14,2,1,7
BRDA:21,3,0,1
BRDA:21,3,1,2
BRDA:29,4,0,1
BRDA:29,4,1,6
BRDA:40,5,0,4
BRDA:40,5,1,12
BRDA:45,6,0,1
BRDA:45,6,1,3
BRF:13
BRH:12
end_of_record
TN:
SF:src\utils\AppError.js
FN:2,(anonymous_0)
FNF:1
FNH:1
FNDA:35,(anonymous_0)
DA:3,35
DA:4,35
DA:5,35
DA:9,13
LF:4
LH:4
BRDA:2,0,0,0
BRF:1
BRH:0
end_of_record
